MSG notify ready
>> open Noise.mp3
MSG notify input state [OPEN]
MSG notify input name [Noise.mp3]
MSG notify can seek
MSG notify duration [45]
MSG notify stream info [level=1, layer=3, bitrate=128, frequency=44100, mode=STEREO]
MSG notify ack [XA_MSG_COMMAND_INPUT_OPEN]
>> play
MSG notify output state [OPEN]
MSG notify output name []
MSG notify output caps [33554311]
MSG notify output balance [50]
MSG notify output level [75]
MSG notify output master [90]
MSG notify output ports [LINE+SPEAKER+HEADPHONE]
MSG notify player state [PLAYING]
MSG notify ack [XA_MSG_COMMAND_PLAY]
MSG notify timecode [00:00:00:00]
MSG notify position [offset=1, range=400]
MSG notify position [offset=2, range=400]
MSG notify position [offset=3, range=400]
MSG notify position [offset=4, range=400]
MSG notify position [offset=5, range=400]
MSG notify position [offset=6, range=400]
MSG notify position [offset=7, range=400]
MSG notify position [offset=8, range=400]
MSG notify timecode [00:00:01:00]
MSG notify position [offset=9, range=400]
MSG notify position [offset=10, range=400]
MSG notify position [offset=11, range=400]
MSG notify position [offset=12, range=400]
MSG notify position [offset=13, range=400]
MSG notify position [offset=14, range=400]
MSG notify position [offset=15, range=400]
MSG notify position [offset=16, range=400]
MSG notify position [offset=17, range=400]
MSG notify timecode [00:00:02:00]
MSG notify position [offset=18, range=400]
MSG notify position [offset=19, range=400]
MSG notify position [offset=20, range=400]
MSG notify position [offset=21, range=400]
MSG notify position [offset=22, range=400]
MSG notify position [offset=23, range=400]
MSG notify position [offset=24, range=400]
MSG notify position [offset=25, range=400]
MSG notify position [offset=26, range=400]
MSG notify timecode [00:00:03:00]
MSG notify position [offset=27, range=400]
MSG notify position [offset=28, range=400]
MSG notify position [offset=29, range=400]
MSG notify position [offset=30, range=400]
MSG notify position [offset=31, range=400]
MSG notify position [offset=32, range=400]
MSG notify position [offset=33, range=400]
MSG notify position [offset=34, range=400]
MSG notify position [offset=35, range=400]
MSG notify timecode [00:00:04:00]
MSG notify position [offset=36, range=400]
MSG notify position [offset=37, range=400]
MSG notify position [offset=38, range=400]
MSG notify position [offset=39, range=400]
MSG notify position [offset=40, range=400]
MSG notify position [offset=41, range=400]
MSG notify position [offset=42, range=400]
MSG notify position [offset=43, range=400]
MSG notify position [offset=44, range=400]
MSG notify timecode [00:00:05:00]
MSG notify position [offset=45, range=400]
MSG notify position [offset=46, range=400]
MSG notify position [offset=47, range=400]
MSG notify position [offset=48, range=400]
MSG notify position [offset=49, range=400]
MSG notify position [offset=50, range=400]
MSG notify position [offset=51, range=400]
MSG notify position [offset=52, range=400]
MSG notify position [offset=53, range=400]
MSG notify timecode [00:00:06:00]
MSG notify position [offset=54, range=400]
MSG notify position [offset=55, range=400]
MSG notify position [offset=56, range=400]
MSG notify position [offset=57, range=400]
MSG notify position [offset=58, range=400]
MSG notify position [offset=59, range=400]
MSG notify position [offset=60, range=400]
MSG notify position [offset=61, range=400]
MSG notify position [offset=62, range=400]
MSG notify timecode [00:00:07:00]
MSG notify position [offset=63, range=400]
MSG notify position [offset=64, range=400]
MSG notify position [offset=65, range=400]
MSG notify position [offset=66, range=400]
MSG notify position [offset=67, range=400]
MSG notify position [offset=68, range=400]
MSG notify position [offset=69, range=400]
MSG notify position [offset=70, range=400]
MSG notify position [offset=71, range=400]
MSG notify timecode [00:00:08:00]
MSG notify position [offset=72, range=400]
MSG notify position [offset=73, range=400]
MSG notify position [offset=74, range=400]
MSG notify position [offset=75, range=400]
MSG notify position [offset=76, range=400]
MSG notify position [offset=77, range=400]
MSG notify position [offset=78, range=400]
MSG notify position [offset=79, range=400]
MSG notify position [offset=80, range=400]
MSG notify timecode [00:00:09:00]
MSG notify position [offset=81, range=400]
MSG notify position [offset=82, range=400]
MSG notify position [offset=83, range=400]
MSG notify position [offset=84, range=400]
MSG notify position [offset=85, range=400]
MSG notify position [offset=86, range=400]
MSG notify position [offset=87, range=400]
MSG notify position [offset=88, range=400]
MSG notify timecode [00:00:10:00]
MSG notify position [offset=89, range=400]
MSG notify position [offset=90, range=400]
MSG notify position [offset=91, range=400]
MSG notify position [offset=92, range=400]
MSG notify position [offset=93, range=400]
MSG notify position [offset=94, range=400]
MSG notify position [offset=95, range=400]
MSG notify position [offset=96, range=400]
MSG notify position [offset=97, range=400]
MSG notify timecode [00:00:11:00]
MSG notify position [offset=98, range=400]
MSG notify position [offset=99, range=400]
MSG notify position [offset=100, range=400]
MSG notify position [offset=101, range=400]
MSG notify position [offset=102, range=400]
MSG notify position [offset=103, range=400]
MSG notify position [offset=104, range=400]
MSG notify position [offset=105, range=400]
MSG notify position [offset=106, range=400]
MSG notify timecode [00:00:12:00]
MSG notify position [offset=107, range=400]
MSG notify position [offset=108, range=400]
MSG notify position [offset=109, range=400]
MSG notify position [offset=110, range=400]
MSG notify position [offset=111, range=400]
MSG notify position [offset=112, range=400]
MSG notify position [offset=113, range=400]
MSG notify position [offset=114, range=400]
MSG notify position [offset=115, range=400]
MSG notify timecode [00:00:13:00]
MSG notify position [offset=116, range=400]
MSG notify position [offset=117, range=400]
MSG notify position [offset=118, range=400]
MSG notify position [offset=119, range=400]
MSG notify position [offset=120, range=400]
MSG notify position [offset=121, range=400]
MSG notify position [offset=122, range=400]
MSG notify position [offset=123, range=400]
MSG notify position [offset=124, range=400]
MSG notify timecode [00:00:14:00]
MSG notify position [offset=125, range=400]
MSG notify position [offset=126, range=400]
MSG notify position [offset=127, range=400]
MSG notify position [offset=128, range=400]
MSG notify position [offset=129, range=400]
MSG notify position [offset=130, range=400]
MSG notify position [offset=131, range=400]
MSG notify position [offset=132, range=400]
MSG notify position [offset=133, range=400]
MSG notify timecode [00:00:15:00]
MSG notify position [offset=134, range=400]
MSG notify position [offset=135, range=400]
MSG notify position [offset=136, range=400]
MSG notify position [offset=137, range=400]
MSG notify position [offset=138, range=400]
MSG notify position [offset=139, range=400]
MSG notify position [offset=140, range=400]
MSG notify position [offset=141, range=400]
MSG notify position [offset=142, range=400]
MSG notify timecode [00:00:16:00]
MSG notify position [offset=143, range=400]
MSG notify position [offset=144, range=400]
MSG notify position [offset=145, range=400]
MSG notify position [offset=146, range=400]
MSG notify position [offset=147, range=400]
MSG notify position [offset=148, range=400]
MSG notify position [offset=149, range=400]
MSG notify position [offset=150, range=400]
MSG notify position [offset=151, range=400]
MSG notify timecode [00:00:17:00]
MSG notify position [offset=152, range=400]
MSG notify position [offset=153, range=400]
MSG notify position [offset=154, range=400]
MSG notify position [offset=155, range=400]
MSG notify position [offset=156, range=400]
MSG notify position [offset=157, range=400]
MSG notify position [offset=158, range=400]
MSG notify position [offset=159, range=400]
MSG notify position [offset=160, range=400]
MSG notify timecode [00:00:18:00]
MSG notify position [offset=161, range=400]
MSG notify position [offset=162, range=400]
MSG notify position [offset=163, range=400]
MSG notify position [offset=164, range=400]
MSG notify position [offset=165, range=400]
MSG notify position [offset=166, range=400]
MSG notify position [offset=167, range=400]
MSG notify position [offset=168, range=400]
MSG notify position [offset=169, range=400]
MSG notify timecode [00:00:19:00]
MSG notify position [offset=170, range=400]
MSG notify position [offset=171, range=400]
MSG notify position [offset=172, range=400]
MSG notify position [offset=173, range=400]
MSG notify position [offset=174, range=400]
MSG notify position [offset=175, range=400]
MSG notify position [offset=176, range=400]
MSG notify position [offset=177, range=400]
MSG notify timecode [00:00:20:00]
MSG notify position [offset=178, range=400]
MSG notify position [offset=179, range=400]
MSG notify position [offset=180, range=400]
MSG notify position [offset=181, range=400]
MSG notify position [offset=182, range=400]
MSG notify position [offset=183, range=400]
MSG notify position [offset=184, range=400]
MSG notify position [offset=185, range=400]
MSG notify position [offset=186, range=400]
MSG notify timecode [00:00:21:00]
MSG notify position [offset=187, range=400]
MSG notify position [offset=188, range=400]
MSG notify position [offset=189, range=400]
MSG notify position [offset=190, range=400]
MSG notify position [offset=191, range=400]
MSG notify position [offset=192, range=400]
MSG notify position [offset=193, range=400]
MSG notify position [offset=194, range=400]
MSG notify position [offset=195, range=400]
MSG notify timecode [00:00:22:00]
MSG notify position [offset=196, range=400]
MSG notify position [offset=197, range=400]
MSG notify position [offset=198, range=400]
MSG notify position [offset=199, range=400]
MSG notify position [offset=200, range=400]
MSG notify position [offset=201, range=400]
MSG notify position [offset=202, range=400]
MSG notify position [offset=203, range=400]
MSG notify position [offset=204, range=400]
MSG notify timecode [00:00:23:00]
MSG notify position [offset=205, range=400]
MSG notify position [offset=206, range=400]
MSG notify position [offset=207, range=400]
MSG notify position [offset=208, range=400]
MSG notify position [offset=209, range=400]
MSG notify position [offset=210, range=400]
MSG notify position [offset=211, range=400]
MSG notify position [offset=212, range=400]
MSG notify position [offset=213, range=400]
MSG notify timecode [00:00:24:00]
MSG notify position [offset=214, range=400]
MSG notify position [offset=215, range=400]
MSG notify position [offset=216, range=400]
MSG notify position [offset=217, range=400]
MSG notify position [offset=218, range=400]
MSG notify position [offset=219, range=400]
MSG notify position [offset=220, range=400]
MSG notify position [offset=221, range=400]
MSG notify position [offset=222, range=400]
MSG notify timecode [00:00:25:00]
MSG notify position [offset=223, range=400]
MSG notify position [offset=224, range=400]
MSG notify position [offset=225, range=400]
MSG notify position [offset=226, range=400]
MSG notify position [offset=227, range=400]
MSG notify position [offset=228, range=400]
MSG notify position [offset=229, range=400]
MSG notify position [offset=230, range=400]
MSG notify position [offset=231, range=400]
MSG notify timecode [00:00:26:00]
MSG notify position [offset=232, range=400]
MSG notify position [offset=233, range=400]
MSG notify position [offset=234, range=400]
MSG notify position [offset=235, range=400]
MSG notify position [offset=236, range=400]
MSG notify position [offset=237, range=400]
MSG notify position [offset=238, range=400]
MSG notify position [offset=239, range=400]
MSG notify position [offset=240, range=400]
MSG notify timecode [00:00:27:00]
MSG notify position [offset=241, range=400]
MSG notify position [offset=242, range=400]
MSG notify position [offset=243, range=400]
MSG notify position [offset=244, range=400]
MSG notify position [offset=245, range=400]
MSG notify position [offset=246, range=400]
MSG notify position [offset=247, range=400]
MSG notify position [offset=248, range=400]
MSG notify timecode [00:00:28:00]
MSG notify position [offset=249, range=400]
MSG notify position [offset=250, range=400]
MSG notify position [offset=251, range=400]
MSG notify position [offset=252, range=400]
MSG notify position [offset=253, range=400]
MSG notify position [offset=254, range=400]
MSG notify position [offset=255, range=400]
MSG notify position [offset=256, range=400]
MSG notify position [offset=257, range=400]
MSG notify timecode [00:00:29:00]
MSG notify position [offset=258, range=400]
MSG notify position [offset=259, range=400]
MSG notify position [offset=260, range=400]
MSG notify position [offset=261, range=400]
MSG notify position [offset=262, range=400]
MSG notify position [offset=263, range=400]
MSG notify position [offset=264, range=400]
MSG notify position [offset=265, range=400]
MSG notify position [offset=266, range=400]
MSG notify timecode [00:00:30:00]
MSG notify position [offset=267, range=400]
MSG notify position [offset=268, range=400]
MSG notify position [offset=269, range=400]
MSG notify position [offset=270, range=400]
MSG notify position [offset=271, range=400]
MSG notify position [offset=272, range=400]
MSG notify position [offset=273, range=400]
MSG notify position [offset=274, range=400]
MSG notify position [offset=275, range=400]
MSG notify timecode [00:00:31:00]
MSG notify position [offset=276, range=400]
MSG notify position [offset=277, range=400]
MSG notify position [offset=278, range=400]
MSG notify position [offset=279, range=400]
MSG notify position [offset=280, range=400]
MSG notify position [offset=281, range=400]
MSG notify position [offset=282, range=400]
MSG notify position [offset=283, range=400]
MSG notify position [offset=284, range=400]
MSG notify timecode [00:00:32:00]
MSG notify position [offset=285, range=400]
MSG notify position [offset=286, range=400]
MSG notify position [offset=287, range=400]
MSG notify position [offset=288, range=400]
MSG notify position [offset=289, range=400]
MSG notify position [offset=290, range=400]
MSG notify position [offset=291, range=400]
MSG notify position [offset=292, range=400]
MSG notify position [offset=293, range=400]
MSG notify timecode [00:00:33:00]
MSG notify position [offset=294, range=400]
MSG notify position [offset=295, range=400]
MSG notify position [offset=296, range=400]
MSG notify position [offset=297, range=400]
MSG notify position [offset=298, range=400]
MSG notify position [offset=299, range=400]
MSG notify position [offset=300, range=400]
MSG notify position [offset=301, range=400]
MSG notify position [offset=302, range=400]
MSG notify timecode [00:00:34:00]
MSG notify position [offset=303, range=400]
MSG notify position [offset=304, range=400]
MSG notify position [offset=305, range=400]
MSG notify position [offset=306, range=400]
MSG notify position [offset=307, range=400]
MSG notify position [offset=308, range=400]
MSG notify position [offset=309, range=400]
MSG notify position [offset=310, range=400]
MSG notify position [offset=311, range=400]
MSG notify timecode [00:00:35:00]
MSG notify position [offset=312, range=400]
MSG notify position [offset=313, range=400]
MSG notify position [offset=314, range=400]
MSG notify position [offset=315, range=400]
MSG notify position [offset=316, range=400]
MSG notify position [offset=317, range=400]
MSG notify position [offset=318, range=400]
MSG notify position [offset=319, range=400]
MSG notify position [offset=320, range=400]
MSG notify timecode [00:00:36:00]
MSG notify position [offset=321, range=400]
MSG notify position [offset=322, range=400]
MSG notify position [offset=323, range=400]
MSG notify position [offset=324, range=400]
MSG notify position [offset=325, range=400]
MSG notify position [offset=326, range=400]
MSG notify position [offset=327, range=400]
MSG notify position [offset=328, range=400]
MSG notify position [offset=329, range=400]
MSG notify timecode [00:00:37:00]
MSG notify position [offset=330, range=400]
MSG notify position [offset=331, range=400]
MSG notify position [offset=332, range=400]
MSG notify position [offset=333, range=400]
MSG notify position [offset=334, range=400]
MSG notify position [offset=335, range=400]
MSG notify position [offset=336, range=400]
MSG notify position [offset=337, range=400]
MSG notify timecode [00:00:38:00]
MSG notify position [offset=338, range=400]
MSG notify position [offset=339, range=400]
MSG notify position [offset=340, range=400]
MSG notify position [offset=341, range=400]
MSG notify position [offset=342, range=400]
MSG notify position [offset=343, range=400]
MSG notify position [offset=344, range=400]
MSG notify position [offset=345, range=400]
MSG notify position [offset=346, range=400]
MSG notify timecode [00:00:39:00]
MSG notify position [offset=347, range=400]
MSG notify position [offset=348, range=400]
MSG notify position [offset=349, range=400]
MSG notify position [offset=350, range=400]
MSG notify position [offset=351, range=400]
MSG notify position [offset=352, range=400]
MSG notify position [offset=353, range=400]
MSG notify position [offset=354, range=400]
MSG notify position [offset=355, range=400]
MSG notify timecode [00:00:40:00]
MSG notify position [offset=356, range=400]
MSG notify position [offset=357, range=400]
MSG notify position [offset=358, range=400]
MSG notify position [offset=359, range=400]
MSG notify position [offset=360, range=400]
MSG notify position [offset=361, range=400]
MSG notify position [offset=362, range=400]
MSG notify position [offset=363, range=400]
MSG notify position [offset=364, range=400]
MSG notify timecode [00:00:41:00]
MSG notify position [offset=365, range=400]
MSG notify position [offset=366, range=400]
MSG notify position [offset=367, range=400]
MSG notify position [offset=368, range=400]
MSG notify position [offset=369, range=400]
MSG notify position [offset=370, range=400]
MSG notify position [offset=371, range=400]
MSG notify position [offset=372, range=400]
MSG notify position [offset=373, range=400]
MSG notify timecode [00:00:42:00]
MSG notify position [offset=374, range=400]
MSG notify position [offset=375, range=400]
MSG notify position [offset=376, range=400]
MSG notify position [offset=377, range=400]
MSG notify position [offset=378, range=400]
MSG notify position [offset=379, range=400]
MSG notify position [offset=380, range=400]
MSG notify position [offset=381, range=400]
MSG notify position [offset=382, range=400]
MSG notify timecode [00:00:43:00]
MSG notify position [offset=383, range=400]
MSG notify position [offset=384, range=400]
MSG notify position [offset=385, range=400]
MSG notify position [offset=386, range=400]
MSG notify position [offset=387, range=400]
MSG notify position [offset=388, range=400]
MSG notify position [offset=389, range=400]
MSG notify position [offset=390, range=400]
MSG notify position [offset=391, range=400]
MSG notify timecode [00:00:44:00]
MSG notify position [offset=392, range=400]
MSG notify position [offset=393, range=400]
MSG notify position [offset=394, range=400]
MSG notify position [offset=395, range=400]
MSG notify position [offset=396, range=400]
MSG notify position [offset=397, range=400]
MSG notify position [offset=398, range=400]
MSG notify position [offset=399, range=400]
MSG notify player state [EOF]
>> stop
MSG notify player state [STOPPED]
MSG notify ack [XA_MSG_COMMAND_STOP]
>> seek 10 400
MSG notify position [offset=10, range=400]
MSG notify timecode [00:00:01:12]
MSG notify ack [XA_MSG_COMMAND_SEEK]
>> play
MSG notify player state [PLAYING]
MSG notify ack [XA_MSG_COMMAND_PLAY]
MSG notify position [offset=10, range=400]
MSG notify position [offset=11, range=400]
MSG notify position [offset=12, range=400]
MSG notify position [offset=13, range=400]
MSG notify position [offset=14, range=400]
MSG notify position [offset=15, range=400]
MSG notify position [offset=16, range=400]
MSG notify position [offset=17, range=400]
MSG notify timecode [00:00:02:00]
MSG notify position [offset=18, range=400]
MSG notify position [offset=19, range=400]
MSG notify position [offset=20, range=400]
MSG notify position [offset=21, range=400]
MSG notify position [offset=22, range=400]
MSG notify position [offset=23, range=400]
MSG notify position [offset=24, range=400]
MSG notify position [offset=25, range=400]
MSG notify position [offset=26, range=400]
MSG notify timecode [00:00:03:00]
>> pause
MSG notify player state [PAUSED]
MSG notify ack [XA_MSG_COMMAND_PAUSE]
>> stop
MSG notify player state [STOPPED]
MSG notify ack [XA_MSG_COMMAND_STOP]
>> close
MSG notify input state [CLOSED]
MSG notify ack [XA_MSG_COMMAND_INPUT_CLOSE]
>> exit
MSG notify exited
